1435598296.482738	opening	1	1	1	0	0	1	1	1	1	
1435598296.534467	moving	1	1	1	1	0	1	1	1	1	
1435598298.482919	closing	0	1	1	1	0	1	1	1	0	
1435598298.558615	moving	0	1	1	1	1	1	1	1	0	
1435598305.453089	opening	0	1	1	1	1	1	1	0	1	
1435598305.513771	moving	0	1	1	1	1	1	1	1	1	
1435598306.453189	closing	0	1	1	1	0	1	1	1	0	
1435598306.575485	moving	1	1	1	1	0	1	1	1	0	
1435598328.663977	opening	1	1	1	0	0	1	1	1	1	
1435598328.714846	moving	1	1	1	1	0	1	1	1	1	
1435598352.608912	opening	0	1	1	1	0	1	1	1	1	
1435598353.609014	closing	0	1	1	1	0	1	1	1	0	
1435598353.684434	moving	0	1	1	1	1	1	1	1	0	
1435598370.617253	opening	0	1	1	1	1	1	1	0	1	
1435598370.679104	moving	0	1	1	1	1	1	1	1	1	
1435598412.244494	opening	0	1	1	1	0	1	1	1	1	
1435598412.344547	closing	0	1	1	1	0	1	1	1	0	
1435598412.467791	moving	1	1	1	1	0	1	1	1	0	
1435599612.567846	opening	1	1	1	0	0	1	1	1	1	
1435599612.619328	moving	1	1	1	1	0	1	1	1	1	
1435599614.568025	closing	0	1	1	1	0	1	1	1	0	
1435599614.642626	moving	0	1	1	1	1	1	1	1	0	
1435599625.530720	opening	0	1	1	1	1	1	1	0	1	
1435599625.591470	moving	0	1	1	1	1	1	1	1	1	
1435599626.530824	closing	0	1	1	1	0	1	1	1	0	
1435599626.653219	moving	1	1	1	1	0	1	1	1	0	
1435599639.759421	opening	1	1	1	0	0	1	1	1	1	
1435599639.809553	moving	1	1	1	1	0	1	1	1	1	
1435599640.659513	closing	0	1	1	1	0	1	1	1	0	
1435599640.733155	moving	0	1	1	1	1	1	1	1	0	
1435599653.581354	opening	0	1	1	1	1	1	1	0	1	
1435599653.642368	moving	0	1	1	1	1	1	1	1	1	
1435599654.381432	closing	0	1	1	1	0	1	1	1	0	
1435599654.504359	moving	1	1	1	1	0	1	1	1	0	
1435599680.274903	opening	1	1	1	0	0	1	1	1	1	
1435599680.325515	moving	1	1	1	1	0	1	1	1	1	
1435599680.974966	closing	0	1	1	1	0	1	1	1	0	
1435599681.48674	moving	0	1	1	1	1	1	1	1	0	
1435599700.49846	opening	0	1	1	1	1	1	1	0	1	
1435599700.111533	moving	0	1	1	1	1	1	1	1	1	
1435599700.649921	closing	0	1	1	1	0	1	1	1	0	
1435599700.770923	moving	1	1	1	1	0	1	1	1	0	
1435599720.891996	opening	1	1	1	0	0	1	1	1	1	
1435599720.942460	moving	1	1	1	1	0	1	1	1	1	
1435599737.948852	opening	0	1	1	1	0	1	1	1	1	
1435599738.548925	closing	0	1	1	1	0	1	1	1	0	
1435599738.622685	moving	0	1	1	1	1	1	1	1	0	
1435601531.884190	opening	1	1	1	0	0	1	1	1	1	
1435601531.935841	moving	1	1	1	1	0	1	1	1	1	
1435601531.943052	moving	1	1	0	1	0	1	1	1	1	
1435601531.955766	moving	1	1	1	1	0	1	1	1	1	
1435601532.156244	moving	1	0	1	1	0	1	1	1	1	
1435601532.168069	moving	1	1	1	1	0	1	1	1	1	
1435601532.181900	moving	0	1	1	1	0	1	1	1	1	
1435601532.884277	closing	0	1	1	1	0	1	1	1	0	
1435601674.17191	opening	1	1	1	0	0	1	1	1	1	
1435601674.67064	moving	1	1	1	1	0	1	1	1	1	
1435601674.74504	moving	1	1	0	1	0	1	1	1	1	
1435601674.87517	moving	1	1	1	1	0	1	1	1	1	
1435601674.287492	moving	1	0	1	1	0	1	1	1	1	
1435601674.299371	moving	1	1	1	1	0	1	1	1	1	
1435601674.312565	moving	0	1	1	1	0	1	1	1	1	
1435601679.17598	closing	0	1	1	1	0	1	1	1	0	
1435602263.55719	opening	1	1	1	0	0	1	1	1	1	
1435602263.106618	moving	1	1	1	1	0	1	1	1	1	
1435602263.114022	moving	1	1	0	1	0	1	1	1	1	
1435602263.126802	moving	1	1	1	1	0	1	1	1	1	
1435602263.324445	moving	1	0	1	1	0	1	1	1	1	
1435602263.336359	moving	1	1	1	1	0	1	1	1	1	
1435602263.350016	moving	0	1	1	1	0	1	1	1	1	
1435602268.56218	closing	0	1	1	1	0	1	1	1	0	
1435602441.856681	opening	1	1	1	0	0	1	1	1	1	
1435602441.908059	moving	1	1	1	1	0	1	1	1	1	
1435602441.915376	moving	1	1	0	1	0	1	1	1	1	
1435602441.928110	moving	1	1	1	1	0	1	1	1	1	
1435602442.124853	moving	1	0	1	1	0	1	1	1	1	
1435602442.136505	moving	1	1	1	1	0	1	1	1	1	
1435602442.150059	moving	0	1	1	1	0	1	1	1	1	
1435602446.857179	closing	0	1	1	1	0	1	1	1	0	
1435602689	765045	opening	1	1	1	0	0	1	1	1	1	
1435602690	30151	moving	1	0	1	1	0	1	1	1	1	
1435602694	765588	closing	0	1	1	1	0	1	1	1	0	
1435602695	55899	moving	0	1	1	1	1	1	0	1	0	
1435602716	938507	opening	0	1	1	1	1	1	1	0	1	
1435602717	206192	moving	0	1	1	1	1	0	1	1	1	
1435602718	938714	closing	0	1	1	1	0	1	1	1	0	
1435602719	285255	moving	1	1	0	1	0	1	1	1	0	
1435602729	457627	opening	1	1	1	0	0	1	1	1	1	
1435602729	722655	moving	1	0	1	1	0	1	1	1	1	
1435602730	457734	closing	0	1	1	1	0	1	1	1	0	
1435602730	748008	moving	0	1	1	1	1	1	0	1	0	
1435611828	547076	opening	1	1	1	0	0	1	1	1	1	
1435611828	815614	moving	1	0	1	1	0	1	1	1	1	
1435611829	547141	closing	0	1	1	1	0	1	1	1	0	
1435611829	838835	moving	0	1	1	1	1	1	0	1	0	
1435611843	962974	opening	0	1	1	1	1	1	1	0	1	
1435611844	232087	moving	0	1	1	1	1	0	1	1	1	
1435611859	304532	opening	0	1	1	1	0	1	1	1	1	
1435611859	904588	closing	0	1	1	1	0	1	1	1	0	
1435611860	254197	moving	1	1	0	1	0	1	1	1	0	
1435618532	786911	opening	1	1	1	0	0	1	1	1	1	
1435618533	65805	moving	1	0	1	1	0	1	1	1	1	
1435618533	786986	closing	0	1	1	1	0	1	1	1	0	
1435618534	78933	moving	0	1	1	1	1	1	0	1	0	
1435618544	787492	opening	0	1	1	1	1	1	1	0	1	
1435618545	55347	moving	0	1	1	1	1	0	1	1	1	
1435618545	787595	closing	0	1	1	1	0	1	1	1	0	
1435618546	139014	moving	1	1	0	1	0	1	1	1	0	
1435618559	588922	opening	1	1	1	0	0	1	1	1	1	
1435618559	855779	moving	1	0	1	1	0	1	1	1	1	
1435618560	288935	closing	0	1	1	1	0	1	1	1	0	
1435618560	579897	moving	0	1	1	1	1	1	0	1	0	
1435618596	250407	opening	0	1	1	1	1	1	1	0	1	
1435618596	519695	moving	0	1	1	1	1	0	1	1	1	
1435618962	497294	opening	1	1	1	0	0	1	1	1	1	
1435618962	766974	moving	1	0	1	1	0	1	1	1	1	
1435618963	497321	closing	0	1	1	1	0	1	1	1	0	
1435618963	788868	moving	0	1	1	1	1	1	0	1	0	
1435619074	278957	opening	1	1	1	0	0	1	1	1	1	
1435619074	542201	moving	1	0	1	1	0	1	1	1	1	
1435619075	279031	closing	0	1	1	1	0	1	1	1	0	
1435619075	570164	moving	0	1	1	1	1	1	0	1	0	
1435619185	927570	opening	0	1	1	1	1	1	1	0	1	
1435619186	201143	moving	0	1	1	1	1	0	1	1	1	
1435619186	727656	closing	0	1	1	1	0	1	1	1	0	
1435619187	79433	moving	1	1	0	1	0	1	1	1	0	
1435619199	511576	opening	1	1	1	0	0	1	1	1	1	
1435619199	780695	moving	1	0	1	1	0	1	1	1	1	
1435619225	197615	opening	0	1	1	1	0	1	1	1	1	
1435619225	897717	closing	0	1	1	1	0	1	1	1	0	
1435619226	188807	moving	0	1	1	1	1	1	0	1	0	
1435619441	356349	opening	1	1	1	0	0	1	1	1	1	
1435619441	624226	moving	1	0	1	1	0	1	1	1	1	
1435619442	356425	closing	0	1	1	1	0	1	1	1	0	
1435619442	647785	moving	0	1	1	1	1	1	0	1	0	
1435619459	130882	opening	0	1	1	1	1	1	1	0	1	
1435619459	400304	moving	0	1	1	1	1	0	1	1	1	
1435619460	30966	closing	0	1	1	1	0	1	1	1	0	
1435619460	382377	moving	1	1	0	1	0	1	1	1	0	
1435619496	275305	opening	1	1	1	0	0	1	1	1	1	
1435619496	556697	moving	1	0	1	1	0	1	1	1	1	
1435619497	75376	closing	0	1	1	1	0	1	1	1	0	
1435619497	366559	moving	0	1	1	1	1	1	0	1	0	
1435619574	7437	opening	0	1	1	1	1	1	1	0	1	
1435619574	278924	moving	0	1	1	1	1	0	1	1	1	
1435619914	647451	opening	1	1	1	0	0	1	1	1	1	
1435619915	647521	closing	1	1	1	0	0	1	1	1	0	
1435619929	559108	opening	1	1	1	0	0	1	1	1	1	
1435619930	559193	closing	1	1	1	0	0	1	1	1	0	
