20160120T140355, 3
20160120T142628, 3
20160120T142630, c,c>1
20160120T142633, c>c>2
20160120T142637, c>c>1
20160120T142640, c>c>3
20160120T142644, c>c>1
20160120T142647, c>c>2
20160120T142651, c>c>1
20160120T142654, c>c>3
20160120T142658, c>c>1
20160120T142701, c>c>2
20160120T142705, c>c>1
20160120T142708, c>c>3
20160120T142712, c>c>1
20160120T142715, c>c>2
20160120T142719, c>c>1
20160120T142722, c>c>3
20160120T142726, c>c>1
20160120T142729, c>c>2
20160120T142733, c>c>1
20160120T142737, c>c>3
20160120T142828, 3
20160120T142830, 1
20160120T142833, 2
20160120T142837, 1
20160120T142840, 3
20160120T142844, 1
20160120T142847, 2
20160120T142851, 1
20160120T142854, 3
20160120T142858, 1
20160120T142901, 2
20160120T142905, 1
20160120T142908, 3
20160120T142912, 1
20160120T142915, 2
20160120T142919, 1
20160120T142922, 3
20160120T142926, 1
20160120T142929, 2
20160120T142934, 1
20160120T142937, 3
20160120T143055, pen,
20160120T143056, 1
20160120T143059, 2
20160120T143102, 1
20160120T143105, 3
20160120T143108, 1
20160120T143111, 2
20160120T143114, 1
20160120T143117, 3
20160120T143120, 1
20160120T143123, 2
20160120T143126, 1
20160120T143129, 3
20160120T143132, 1
20160120T143135, 2
20160120T143138, 1
20160120T143141, 3
20160120T143145, 1
20160120T143148, 2
20160120T143151, 1
20160120T143154, 3
20160120T145301, pen,
20160120T145308, 1
20160120T145317, 2
20160120T145418, 2, 5.125
20160120T145425, 1, 5.125
20160120T145435, 3, 5.0625
20160120T145444, 1, 5.0625
20160120T145453, 2, 5.125
20160120T145502, 1, 5.0625
20160120T145511, 3, 5.0625
20160120T145520, 1, 5.0625
20160120T145529, 2, 5.125
20160120T145538, 1, 5.125
20160120T145547, 3, 5.0625
20160120T145556, 1, 5.125
20160120T145605, 2, 5.125
20160120T145614, 1, 5.0625
20160120T145623, 3, 5.0625
20160120T145632, 1, 5.0625
20160120T145642, 2, 5.0625
20160120T145651, 1, 5.125
20160120T145700, 3, 5.0625
20160120T145709, 1, 5.0625
20160120T145718, 2, 5.0625
20160120T150109, 2, 5.0
20160120T150116, 1, 5.0
20160120T150153, 3, 5.0
20160120T150230, 1, 5.0
20160120T150307, 2, 5.0
20160120T150344, 1, 5.0
20160120T150421, 3, 5.0
20160120T150458, 1, 5.0
20160120T150535, 2, 5.0
20160120T150612, 1, 5.0625
20160120T150650, 3, 5.0625
20160120T150727, 1, 5.0625
20160120T150804, 2, 5.125
20160120T150841, 1, 5.125
20160120T150918, 3, 5.125
20160120T150955, 1, 5.125
