20160121T065245, pen,, 4088.625
20160121T065252, 1, 4088.6875
20160121T081655, pen,, -6.125
20160121T081702, 1, -6.125
20160121T081739, 2, -6.125
20160121T081817, 1, -6.125
20160121T081854, 3, -6.0625
20160121T081931, 1, -6.0625
20160121T082008, 2, -6.0625
20160121T082045, 1, -6.0
20160121T082122, 3, -6.0625
20160121T082159, 1, -6.0625
20160121T082236, 2, -6.0
20160121T082313, 1, -6.0
20160121T082350, 3, -6.0
20160121T082427, 1, -6.0
20160121T082504, 2, -6.0
20160121T082542, 1, -5.9375
20160121T082619, 3, -5.9375
20160121T082656, 1, -5.9375
20160121T082733, 2, -5.875
20160121T082810, 1, -5.875
20160121T082847, 3, -5.875
20160121T082924, 1, -5.8125
20160121T083001, 2, -5.8125
20160121T083038, 1, -5.8125
20160121T083115, 3, -5.8125
20160121T083152, 1, -5.8125
20160121T083229, 2, -5.75
20160121T083307, 1, -5.75
20160121T083344, 3, -5.75
20160121T083421, 1, -5.75
20160121T083458, 2, -5.75
20160121T083535, 1, -5.6875
20160121T083612, 3, -5.6875
20160121T083649, 1, -5.6875
20160121T083726, 2, -5.6875
20160121T083803, 1, -5.6875
20160121T083840, 3, -5.625
20160121T083917, 1, -5.625
20160121T083954, 2, -5.625
20160121T084031, 1, -5.625
20160121T084109, 3, -5.625
20160121T084146, 1, -5.5625
20160121T084223, 2, -5.5625
20160121T084300, 1, -5.5
20160121T084337, 3, -5.5
20160121T084414, 1, -5.5
20160121T084451, 2, -5.5
20160121T084528, 1, -5.5
20160121T084605, 3, -5.4375
20160121T084642, 1, -5.4375
20160121T084719, 2, -5.4375
20160121T084756, 1, -5.4375
20160121T084834, 3, -5.375
20160121T084911, 1, -5.4375
20160121T084948, 2, -5.4375
20160121T085025, 1, -5.375
20160121T085102, 3, -5.375
20160121T085139, 1, -5.375
20160121T085216, 2, -5.3125
20160121T085253, 1, -5.3125
20160121T085330, 3, -5.3125
20160121T085407, 1, -5.25
20160121T085444, 2, -5.1875
20160121T085521, 1, -5.1875
20160121T085558, 3, -5.1875
20160121T085636, 1, -5.125
20160121T085713, 2, -5.125
20160121T085750, 1, -5.125
20160121T085827, 3, -5.0625
20160121T085904, 1, -5.0625
20160121T085941, 2, -5.0
20160121T090018, 1, -5.0
20160121T090055, 3, -4.9375
20160121T090132, 1, -4.9375
20160121T090209, 2, -4.875
20160121T090246, 1, -4.875
20160121T090323, 3, -4.8125
20160121T090400, 1, -4.8125
20160121T090438, 2, -4.8125
20160121T090515, 1, -4.75
20160121T090552, 3, -4.6875
20160121T090629, 1, -4.75
20160121T090706, 2, -4.6875
20160121T090743, 1, -4.6875
20160121T090820, 3, -4.625
20160121T090857, 1, -4.5625
20160121T090934, 2, -4.5
20160121T091011, 1, -4.5
20160121T091048, 3, -4.0625
20160121T091125, 1, -4.0
20160121T091203, 2, -3.9375
20160121T091240, 1, -3.875
20160121T091317, 3, -3.875
20160121T091354, 1, -3.875
20160121T091431, 2, -3.9375
20160121T091508, 1, -4.0
20160121T091545, 3, -4.0
20160121T091622, 1, -4.0
20160121T091659, 2, -4.0
20160121T091736, 1, -4.0625
20160121T091813, 3, -4.0625
20160121T091850, 1, -4.0625
20160121T091927, 2, -4.0625
20160121T092005, 1, -4.0625
20160121T092042, 3, -4.0625
20160121T092119, 1, -4.0625
20160121T092156, 2, -4.0625
20160121T092233, 1, -4.0625
20160121T092310, 3, -4.0
20160121T092347, 1, -4.0
20160121T092424, 2, -4.0
20160121T092502, 1, -4.0
20160121T092539, 3, -3.9375
20160121T092616, 1, -3.9375
20160121T092653, 2, -3.9375
20160121T092730, 1, -3.9375
20160121T092807, 3, -3.9375
20160121T092844, 1, -3.9375
20160121T092921, 2, -3.875
20160121T092958, 1, -3.875
20160121T093035, 3, -3.8125
20160121T093112, 1, -3.8125
20160121T093149, 2, -3.8125
20160121T093226, 1, -3.75
20160121T093304, 3, -3.75
20160121T093341, 1, -3.6875
20160121T093418, 2, -3.6875
20160121T093455, 1, -3.6875
20160121T093532, 3, -3.625
20160121T093609, 1, -3.625
20160121T093646, 2, -3.5625
20160121T093723, 1, -3.5625
20160121T093800, 3, -3.5
20160121T093837, 1, -3.5
20160121T093914, 2, -3.4375
20160121T093952, 1, -3.375
20160121T094029, 3, -3.375
20160121T094106, 1, -3.375
20160121T094143, 2, -3.375
20160121T094220, 1, -3.3125
20160121T094257, 3, -3.3125
20160121T143707, 2, None
20160121T143813, 2, None
20160121T143857, 2, None
20160121T143903, 2, None
20160121T145734, 2, None
20160121T145744, 2, None
20160121T145842, pen,, None
20160121T145856, 2, None
