BE9DFF4B467FFF03106C
9D FF F 03 10
negative number
1111111110011101
98
BE9DFF4B467FFF03106C
9D FF F 03 10
negative number
1111111110011101
98
BE9DFF4B467FFF03106C
9D FF F 03 10
negative number
1111111110011101
98
BE9DFF4B467FFF03106C
9D FF F 03 10
negative number
1111111110011101
98
BE9EFF4B467FFF02106D
9E FF F 02 10
negative number
1111111110011110
97
BE9EFF4B467FFF02106D
9E FF F 02 10
negative number
1111111110011110
97
BE9EFF4B467FFF02106D
9E FF F 02 10
negative number
1111111110011110
97
BE9FFF4B467FFF01107B
9F FF F 01 10
negative number
1111111110011111
96
BE9EFF4B467FFF02106D
9E FF F 02 10
negative number
1111111110011110
97
BE9EFF4B467FFF02106D
9E FF F 02 10
negative number
1111111110011110
97
BE9FFF4B467FFF01107B
9F FF F 01 10
negative number
1111111110011111
96
BE9FFF4B467FFF01107B
9F FF F 01 10
negative number
1111111110011111
96
BE9FFF4B467FFF01107B
9F FF F 01 10
negative number
1111111110011111
96
BE9FFF4B467FFF01107B
9F FF F 01 10
negative number
1111111110011111
96
BE9FFF4B467FFF01107B
9F FF F 01 10
negative number
1111111110011111
96
BEA0FF4B467FFF101055
A0 FF F 10 10
negative number
1111111110100000
95
BEA0FF4B467FFF101055
A0 FF F 10 10
negative number
1111111110100000
95
BEA0FF4B467FFF101055
A0 FF F 10 10
negative number
1111111110100000
95
BEA1FF4B467FFF0F10E2
A1 FF F 0F 10
negative number
1111111110100001
94
BEA1FF4B467FFF0F10E2
A1 FF F 0F 10
negative number
1111111110100001
94
BEA1FF4B467FFF0F10E2
A1 FF F 0F 10
negative number
1111111110100001
94
BEA2FF4B467FFF0E10E3
A2 FF F 0E 10
negative number
1111111110100010
93
BEA2FF4B467FFF0E10E3
A2 FF F 0E 10
negative number
1111111110100010
93
BEA2FF4B467FFF0E10E3
A2 FF F 0E 10
negative number
1111111110100010
93
BEA2FF4B467FFF0E10E3
A2 FF F 0E 10
negative number
1111111110100010
93
BEA2FF4B467FFF0E10E3
A2 FF F 0E 10
negative number
1111111110100010
93
BEA3FF4B467FFF0D10F5
A3 FF F 0D 10
negative number
1111111110100011
92
BEA3FF4B467FFF0D10F5
A3 FF F 0D 10
negative number
1111111110100011
92
BEA3FF4B467FFF0D10F5
A3 FF F 0D 10
negative number
1111111110100011
92
BEA3FF4B467FFF0D10F5
A3 FF F 0D 10
negative number
1111111110100011
92
BEA3FF4B467FFF0D10F5
A3 FF F 0D 10
negative number
1111111110100011
92
BEA4FF4B467FFF0C10E1
A4 FF F 0C 10
negative number
1111111110100100
91
BEA4FF4B467FFF0C10E1
A4 FF F 0C 10
negative number
1111111110100100
91
BEA4FF4B467FFF0C10E1
A4 FF F 0C 10
negative number
1111111110100100
91
BEA4FF4B467FFF0C10E1
A4 FF F 0C 10
negative number
1111111110100100
91
BEA4FF4B467FFF0C10E1
A4 FF F 0C 10
negative number
1111111110100100
91
BEA5FF4B467FFF0B10CC
A5 FF F 0B 10
negative number
1111111110100101
90
BEA5FF4B467FFF0B10CC
A5 FF F 0B 10
negative number
1111111110100101
90
BEA5FF4B467FFF0B10CC
A5 FF F 0B 10
negative number
1111111110100101
90
BEA5FF4B467FFF0B10CC
A5 FF F 0B 10
negative number
1111111110100101
90
BEA5FF4B467FFF0B10CC
A5 FF F 0B 10
negative number
1111111110100101
90
BEA6FF4B467FFF0A10CD
A6 FF F 0A 10
negative number
1111111110100110
89
BEA6FF4B467FFF0A10CD
A6 FF F 0A 10
negative number
1111111110100110
89
BEA7FF4B467FFF0910DB
A7 FF F 09 10
negative number
1111111110100111
88
BEA7FF4B467FFF0910DB
A7 FF F 09 10
negative number
1111111110100111
88
BEA7FF4B467FFF0910DB
A7 FF F 09 10
negative number
1111111110100111
88
BEA7FF4B467FFF0910DB
A7 FF F 09 10
negative number
1111111110100111
88
BEA7FF4B467FFF0910DB
A7 FF F 09 10
negative number
1111111110100111
88
BEA8FF4B467FFF0810E5
A8 FF F 08 10
negative number
1111111110101000
87
BEA8FF4B467FFF0810E5
A8 FF F 08 10
negative number
1111111110101000
87
BEA8FF4B467FFF0810E5
A8 FF F 08 10
negative number
1111111110101000
87
BEA8FF4B467FFF0810E5
A8 FF F 08 10
negative number
1111111110101000
87
BEA9FF4B467FFF0710BE
A9 FF F 07 10
negative number
1111111110101001
86
BEA8FF4B467FFF0810E5
A8 FF F 08 10
negative number
1111111110101000
87
BEA8FF4B467FFF0810E5
A8 FF F 08 10
negative number
1111111110101000
87
BEA9FF4B467FFF0710BE
A9 FF F 07 10
negative number
1111111110101001
86
BEA9FF4B467FFF0710BE
A9 FF F 07 10
negative number
1111111110101001
86
BEA9FF4B467FFF0710BE
A9 FF F 07 10
negative number
1111111110101001
86
BEAAFF4B467FFF0610BF
AA FF F 06 10
negative number
1111111110101010
85
BEAAFF4B467FFF0610BF
AA FF F 06 10
negative number
1111111110101010
85
BEAAFF4B467FFF0610BF
AA FF F 06 10
negative number
1111111110101010
85
BEABFF4B467FFF0510A9
AB FF F 05 10
negative number
1111111110101011
84
BEACFF4B467FFF0410BD
AC FF F 04 10
negative number
1111111110101100
83
BEACFF4B467FFF0410BD
AC FF F 04 10
negative number
1111111110101100
83
BEACFF4B467FFF0410BD
AC FF F 04 10
negative number
1111111110101100
83
BEADFF4B467FFF031090
AD FF F 03 10
negative number
1111111110101101
82
BEADFF4B467FFF031090
AD FF F 03 10
negative number
1111111110101101
82
BEADFF4B467FFF031090
AD FF F 03 10
negative number
1111111110101101
82
BEAEFF4B467FFF021091
AE FF F 02 10
negative number
1111111110101110
81
BEAEFF4B467FFF021091
AE FF F 02 10
negative number
1111111110101110
81
BEAFFF4B467FFF011087
AF FF F 01 10
negative number
1111111110101111
80
BEAFFF4B467FFF011087
AF FF F 01 10
negative number
1111111110101111
80
BEB0FF4B467FFF101001
B0 FF F 10 10
negative number
1111111110110000
79
BEB0FF4B467FFF101001
B0 FF F 10 10
negative number
1111111110110000
79
BEB1FF4B467FFF0F10B6
B1 FF F 0F 10
negative number
1111111110110001
78
BEB1FF4B467FFF0F10B6
B1 FF F 0F 10
negative number
1111111110110001
78
BEB2FF4B467FFF0E10B7
B2 FF F 0E 10
negative number
1111111110110010
77
BEB2FF4B467FFF0E10B7
B2 FF F 0E 10
negative number
1111111110110010
77
BEB2FF4B467FFF0E10B7
B2 FF F 0E 10
negative number
1111111110110010
77
BEB3FF4B467FFF0D10A1
B3 FF F 0D 10
negative number
1111111110110011
76
BEB4FF4B467FFF0C10B5
B4 FF F 0C 10
negative number
1111111110110100
75
BEB3FF4B467FFF0D10A1
B3 FF F 0D 10
negative number
1111111110110011
76
BEB4FF4B467FFF0C10B5
B4 FF F 0C 10
negative number
1111111110110100
75
BEB4FF4B467FFF0C10B5
B4 FF F 0C 10
negative number
1111111110110100
75
BEB5FF4B467FFF0B1098
B5 FF F 0B 10
negative number
1111111110110101
74
BEB6FF4B467FFF0A1099
B6 FF F 0A 10
negative number
1111111110110110
73
BEB7FF4B467FFF09108F
B7 FF F 09 10
negative number
1111111110110111
72
BEB7FF4B467FFF09108F
B7 FF F 09 10
negative number
1111111110110111
72
BEBEFF4B467FFF0210C5
BE FF F 02 10
negative number
1111111110111110
65
BEBFFF4B467FFF0110D3
BF FF F 01 10
negative number
1111111110111111
64
BEC0FF4B467FFF1010B4
C0 FF F 10 10
negative number
1111111111000000
63
BEC1FF4B467FFF0F1003
C1 FF F 0F 10
negative number
1111111111000001
62
BEC1FF4B467FFF0F1003
C1 FF F 0F 10
negative number
1111111111000001
62
BEC1FF4B467FFF0F1003
C1 FF F 0F 10
negative number
1111111111000001
62
BEC0FF4B467FFF1010B4
C0 FF F 10 10
negative number
1111111111000000
63
BEBFFF4B467FFF0110D3
BF FF F 01 10
negative number
1111111110111111
64
BEBFFF4B467FFF0110D3
BF FF F 01 10
negative number
1111111110111111
64
BEBFFF4B467FFF0110D3
BF FF F 01 10
negative number
1111111110111111
64
BEBFFF4B467FFF0110D3
BF FF F 01 10
negative number
1111111110111111
64
BEBEFF4B467FFF0210C5
BE FF F 02 10
negative number
1111111110111110
65
BEBEFF4B467FFF0210C5
BE FF F 02 10
negative number
1111111110111110
65
BEBEFF4B467FFF0210C5
BE FF F 02 10
negative number
1111111110111110
65
BEBEFF4B467FFF0210C5
BE FF F 02 10
negative number
1111111110111110
65
BEBEFF4B467FFF0210C5
BE FF F 02 10
negative number
1111111110111110
65
BEBEFF4B467FFF0210C5
BE FF F 02 10
negative number
1111111110111110
65
BEBEFF4B467FFF0210C5
BE FF F 02 10
negative number
1111111110111110
65
BEBEFF4B467FFF0210C5
BE FF F 02 10
negative number
1111111110111110
65
BEBEFF4B467FFF0210C5
BE FF F 02 10
negative number
1111111110111110
65
BEBFFF4B467FFF0110D3
BF FF F 01 10
negative number
1111111110111111
64
BEBFFF4B467FFF0110D3
BF FF F 01 10
negative number
1111111110111111
64
BEBFFF4B467FFF0110D3
BF FF F 01 10
negative number
1111111110111111
64
BEBFFF4B467FFF0110D3
BF FF F 01 10
negative number
1111111110111111
64
BEC0FF4B467FFF1010B4
C0 FF F 10 10
negative number
1111111111000000
63
BEC0FF4B467FFF1010B4
C0 FF F 10 10
negative number
1111111111000000
63
BEC0FF4B467FFF1010B4
C0 FF F 10 10
negative number
1111111111000000
63
BEC0FF4B467FFF1010B4
C0 FF F 10 10
negative number
1111111111000000
63
BEC0FF4B467FFF1010B4
C0 FF F 10 10
negative number
1111111111000000
63
BEC0FF4B467FFF1010B4
C0 FF F 10 10
negative number
1111111111000000
63
BEC1FF4B467FFF0F1003
C1 FF F 0F 10
negative number
1111111111000001
62
BEC1FF4B467FFF0F1003
C1 FF F 0F 10
negative number
1111111111000001
62
BEC2FF4B467FFF0E1002
C2 FF F 0E 10
negative number
1111111111000010
61
BEC2FF4B467FFF0E1002
C2 FF F 0E 10
negative number
1111111111000010
61
BEC2FF4B467FFF0E1002
C2 FF F 0E 10
negative number
1111111111000010
61
BEC3FF4B467FFF0D1014
C3 FF F 0D 10
negative number
1111111111000011
60
BEC3FF4B467FFF0D1014
C3 FF F 0D 10
negative number
1111111111000011
60
BEC4FF4B467FFF0C1000
C4 FF F 0C 10
negative number
1111111111000100
59
BEC4FF4B467FFF0C1000
C4 FF F 0C 10
negative number
1111111111000100
59
BEC4FF4B467FFF0C1000
C4 FF F 0C 10
negative number
1111111111000100
59
BEC5FF4B467FFF0B102D
C5 FF F 0B 10
negative number
1111111111000101
58
BEC5FF4B467FFF0B102D
C5 FF F 0B 10
negative number
1111111111000101
58
BEC6FF4B467FFF0A102C
C6 FF F 0A 10
negative number
1111111111000110
57
BEC6FF4B467FFF0A102C
C6 FF F 0A 10
negative number
1111111111000110
57
BEC7FF4B467FFF09103A
C7 FF F 09 10
negative number
1111111111000111
56
BEC7FF4B467FFF09103A
C7 FF F 09 10
negative number
1111111111000111
56
BEC8FF4B467FFF081004
C8 FF F 08 10
negative number
1111111111001000
55
BEC9FF4B467FFF07105F
C9 FF F 07 10
negative number
1111111111001001
54
BEC9FF4B467FFF07105F
C9 FF F 07 10
negative number
1111111111001001
54
BEC9FF4B467FFF07105F
C9 FF F 07 10
negative number
1111111111001001
54
BEC9FF4B467FFF07105F
C9 FF F 07 10
negative number
1111111111001001
54
BECAFF4B467FFF06105E
CA FF F 06 10
negative number
1111111111001010
53
BECAFF4B467FFF06105E
CA FF F 06 10
negative number
1111111111001010
53

    
Traceback (most recent call last):
  File "bonn_comm.py", line 56, in <module>
    b.shutterStatus()
  File "bonn_comm.py", line 35, in shutterStatus
    self.log(l)
  File "bonn_comm.py", line 45, in log
    te = self.m.readTemp('1C00000365971D28')
  File "/root/ARCTIC/Metrology/temp.py", line 68, in readTemp
    t = self.convert(output)	
  File "/root/ARCTIC/Metrology/temp.py", line 95, in convert
    binary = bin(int(lm, 16))[2:].zfill(16)
ValueError: invalid literal for int() with base 16: ''
